# JRE version: Java(TM) SE Runtime Environment (8.0_251-b08) (build 1.8.0_251-b08)
# Java VM: Java HotSpot(TM) 64-Bit Server VM (25.251-b08 mixed mode windows-amd64 compressed oops)
Heap:
 PSYoungGen      total 207872K, used 60970K [0x000000076b900000, 0x000000077ae80000, 0x00000007c0000000)
  eden space 176640K, 16% used [0x000000076b900000,0x000000076d60bf88,0x0000000776580000)
  from space 31232K, 99% used [0x0000000776580000,0x00000007783fec58,0x0000000778400000)
  to   space 29184K, 0% used [0x0000000778400000,0x0000000778400000,0x000000077a080000)
 ParOldGen       total 125440K, used 48803K [0x00000006c2a00000, 0x00000006ca480000, 0x000000076b900000)
  object space 125440K, 38% used [0x00000006c2a00000,0x00000006c59a8fb8,0x00000006ca480000)
 Metaspace       used 28770K, capacity 29426K, committed 29568K, reserved 1075200K
  class space    used 3408K, capacity 3625K, committed 3712K, reserved 1048576K
GC Heap History (10 events):
Event: 27.587 GC heap before
{Heap before GC invocations=6 (full 1):
 PSYoungGen      total 92672K, used 92669K [0x000000076b900000, 0x0000000774d00000, 0x00000007c0000000)
  eden space 81920K, 100% used [0x000000076b900000,0x0000000770900000,0x0000000770900000)
  from space 10752K, 99% used [0x0000000774280000,0x0000000774cff650,0x0000000774d00000)
  to   space 10752K, 0% used [0x0000000773800000,0x0000000773800000,0x0000000774280000)
 ParOldGen       total 125440K, used 13592K [0x00000006c2a00000, 0x00000006ca480000, 0x000000076b900000)
  object space 125440K, 10% used [0x00000006c2a00000,0x00000006c3746100,0x00000006ca480000)
 Metaspace       used 28733K, capacity 29416K, committed 29568K, reserved 1075200K
  class space    used 3404K, capacity 3623K, committed 3712K, reserved 1048576K
Event: 27.617 GC heap after
Heap after GC invocations=6 (full 1):
 PSYoungGen      total 115200K, used 10724K [0x000000076b900000, 0x0000000774a00000, 0x00000007c0000000)
  eden space 104448K, 0% used [0x000000076b900000,0x000000076b900000,0x0000000771f00000)
  from space 10752K, 99% used [0x0000000773800000,0x0000000774279080,0x0000000774280000)
  to   space 7680K, 0% used [0x0000000774280000,0x0000000774280000,0x0000000774a00000)
 ParOldGen       total 125440K, used 26972K [0x00000006c2a00000, 0x00000006ca480000, 0x000000076b900000)
  object space 125440K, 21% used [0x00000006c2a00000,0x00000006c4457278,0x00000006ca480000)
 Metaspace       used 28733K, capacity 29416K, committed 29568K, reserved 1075200K
  class space    used 3404K, capacity 3623K, committed 3712K, reserved 1048576K
}
Event: 28.336 GC heap before
{Heap before GC invocations=7 (full 1):
 PSYoungGen      total 115200K, used 115172K [0x000000076b900000, 0x0000000774a00000, 0x00000007c0000000)
  eden space 104448K, 100% used [0x000000076b900000,0x0000000771f00000,0x0000000771f00000)
  from space 10752K, 99% used [0x0000000773800000,0x0000000774279080,0x0000000774280000)
  to   space 7680K, 0% used [0x0000000774280000,0x0000000774280000,0x0000000774a00000)
 ParOldGen       total 125440K, used 26972K [0x00000006c2a00000, 0x00000006ca480000, 0x000000076b900000)
  object space 125440K, 21% used [0x00000006c2a00000,0x00000006c4457278,0x00000006ca480000)
 Metaspace       used 28745K, capacity 29416K, committed 29568K, reserved 1075200K
  class space    used 3404K, capacity 3623K, committed 3712K, reserved 1048576K
Event: 28.408 GC heap after
Heap after GC invocations=7 (full 1):
 PSYoungGen      total 121856K, used 7666K [0x000000076b900000, 0x0000000778980000, 0x00000007c0000000)
  eden space 114176K, 0% used [0x000000076b900000,0x000000076b900000,0x0000000772880000)
  from space 7680K, 99% used [0x0000000774280000,0x00000007749fc9c0,0x0000000774a00000)
  to   space 26624K, 0% used [0x0000000772880000,0x0000000772880000,0x0000000774280000)
 ParOldGen       total 125440K, used 43723K [0x00000006c2a00000, 0x00000006ca480000, 0x000000076b900000)
  object space 125440K, 34% used [0x00000006c2a00000,0x00000006c54b2cd0,0x00000006ca480000)
 Metaspace       used 28745K, capacity 29416K, committed 29568K, reserved 1075200K
  class space    used 3404K, capacity 3623K, committed 3712K, reserved 1048576K
}
Event: 29.276 GC heap before
{Heap before GC invocations=8 (full 1):
 PSYoungGen      total 121856K, used 121842K [0x000000076b900000, 0x0000000778980000, 0x00000007c0000000)
  eden space 114176K, 100% used [0x000000076b900000,0x0000000772880000,0x0000000772880000)
  from space 7680K, 99% used [0x0000000774280000,0x00000007749fc9c0,0x0000000774a00000)
  to   space 26624K, 0% used [0x0000000772880000,0x0000000772880000,0x0000000774280000)
 ParOldGen       total 125440K, used 43723K [0x00000006c2a00000, 0x00000006ca480000, 0x000000076b900000)
  object space 125440K, 34% used [0x00000006c2a00000,0x00000006c54b2cd0,0x00000006ca480000)
 Metaspace       used 28755K, capacity 29416K, committed 29568K, reserved 1075200K
  class space    used 3406K, capacity 3623K, committed 3712K, reserved 1048576K
Event: 29.318 GC heap after
Heap after GC invocations=8 (full 1):
 PSYoungGen      total 140800K, used 24005K [0x000000076b900000, 0x000000077a080000, 0x00000007c0000000)
  eden space 114176K, 0% used [0x000000076b900000,0x000000076b900000,0x0000000772880000)
  from space 26624K, 90% used [0x0000000772880000,0x0000000773ff15e8,0x0000000774280000)
  to   space 29184K, 0% used [0x0000000778400000,0x0000000778400000,0x000000077a080000)
 ParOldGen       total 125440K, used 43723K [0x00000006c2a00000, 0x00000006ca480000, 0x000000076b900000)
  object space 125440K, 34% used [0x00000006c2a00000,0x00000006c54b2cd0,0x00000006ca480000)
 Metaspace       used 28755K, capacity 29416K, committed 29568K, reserved 1075200K
  class space    used 3406K, capacity 3623K, committed 3712K, reserved 1048576K
}
Event: 30.147 GC heap before
{Heap before GC invocations=9 (full 1):
 PSYoungGen      total 140800K, used 138181K [0x000000076b900000, 0x000000077a080000, 0x00000007c0000000)
  eden space 114176K, 100% used [0x000000076b900000,0x0000000772880000,0x0000000772880000)
  from space 26624K, 90% used [0x0000000772880000,0x0000000773ff15e8,0x0000000774280000)
  to   space 29184K, 0% used [0x0000000778400000,0x0000000778400000,0x000000077a080000)
 ParOldGen       total 125440K, used 43723K [0x00000006c2a00000, 0x00000006ca480000, 0x000000076b900000)
  object space 125440K, 34% used [0x00000006c2a00000,0x00000006c54b2cd0,0x00000006ca480000)
 Metaspace       used 28757K, capacity 29416K, committed 29568K, reserved 1075200K
  class space    used 3406K, capacity 3623K, committed 3712K, reserved 1048576K
Event: 30.236 GC heap after
Heap after GC invocations=9 (full 1):
 PSYoungGen      total 205824K, used 24065K [0x000000076b900000, 0x000000077ae80000, 0x00000007c0000000)
  eden space 176640K, 0% used [0x000000076b900000,0x000000076b900000,0x0000000776580000)
  from space 29184K, 82% used [0x0000000778400000,0x0000000779b807c0,0x000000077a080000)
  to   space 31232K, 0% used [0x0000000776580000,0x0000000776580000,0x0000000778400000)
 ParOldGen       total 125440K, used 46739K [0x00000006c2a00000, 0x00000006ca480000, 0x000000076b900000)
  object space 125440K, 37% used [0x00000006c2a00000,0x00000006c57a4cf0,0x00000006ca480000)
 Metaspace       used 28757K, capacity 29416K, committed 29568K, reserved 1075200K
  class space    used 3406K, capacity 3623K, committed 3712K, reserved 1048576K
}
Event: 31.574 GC heap before
{Heap before GC invocations=10 (full 1):
 PSYoungGen      total 205824K, used 200705K [0x000000076b900000, 0x000000077ae80000, 0x00000007c0000000)
  eden space 176640K, 100% used [0x000000076b900000,0x0000000776580000,0x0000000776580000)
  from space 29184K, 82% used [0x0000000778400000,0x0000000779b807c0,0x000000077a080000)
  to   space 31232K, 0% used [0x0000000776580000,0x0000000776580000,0x0000000778400000)
 ParOldGen       total 125440K, used 46739K [0x00000006c2a00000, 0x00000006ca480000, 0x000000076b900000)
  object space 125440K, 37% used [0x00000006c2a00000,0x00000006c57a4cf0,0x00000006ca480000)
 Metaspace       used 28770K, capacity 29426K, committed 29568K, reserved 1075200K
  class space    used 3408K, capacity 3625K, committed 3712K, reserved 1048576K
Event: 31.672 GC heap after
Heap after GC invocations=10 (full 1):
 PSYoungGen      total 207872K, used 31227K [0x000000076b900000, 0x000000077ae80000, 0x00000007c0000000)
  eden space 176640K, 0% used [0x000000076b900000,0x000000076b900000,0x0000000776580000)
  from space 31232K, 99% used [0x0000000776580000,0x00000007783fec58,0x0000000778400000)
  to   space 29184K, 0% used [0x0000000778400000,0x0000000778400000,0x000000077a080000)
 ParOldGen       total 125440K, used 48803K [0x00000006c2a00000, 0x00000006ca480000, 0x000000076b900000)
  object space 125440K, 38% used [0x00000006c2a00000,0x00000006c59a8fb8,0x00000006ca480000)
 Metaspace       used 28770K, capacity 29426K, committed 29568K, reserved 1075200K
  class space    used 3408K, capacity 3625K, committed 3712K, reserved 1048576K
}

