# JRE version: Java(TM) SE Runtime Environment (8.0_251-b08) (build 1.8.0_251-b08)
# Java VM: Java HotSpot(TM) 64-Bit Server VM (25.251-b08 mixed mode windows-amd64 compressed oops)
Heap:
 PSYoungGen      total 263168K, used 71599K [0x000000076b900000, 0x0000000784880000, 0x00000007c0000000)
  eden space 229376K, 31% used [0x000000076b900000,0x000000076feebcd8,0x0000000779900000)
  from space 33792K, 0% used [0x0000000779900000,0x0000000779900000,0x000000077ba00000)
  to   space 34816K, 5% used [0x0000000782680000,0x0000000782880000,0x0000000784880000)
 ParOldGen       total 181760K, used 37912K [0x00000006c2a00000, 0x00000006cdb80000, 0x000000076b900000)
  object space 181760K, 20% used [0x00000006c2a00000,0x00000006c4f06190,0x00000006cdb80000)
 Metaspace       used 39972K, capacity 40688K, committed 40960K, reserved 1089536K
  class space    used 4779K, capacity 5054K, committed 5120K, reserved 1048576K
GC Heap History (10 events):
Event: 11.025 GC heap after
Heap after GC invocations=9 (full 1):
 PSYoungGen      total 181760K, used 22434K [0x000000076b900000, 0x0000000778e00000, 0x00000007c0000000)
  eden space 154112K, 0% used [0x000000076b900000,0x000000076b900000,0x0000000774f80000)
  from space 27648K, 81% used [0x0000000776c00000,0x00000007781e8878,0x0000000778700000)
  to   space 29184K, 0% used [0x0000000774f80000,0x0000000774f80000,0x0000000776c00000)
 ParOldGen       total 117760K, used 32777K [0x00000006c2a00000, 0x00000006c9d00000, 0x000000076b900000)
  object space 117760K, 27% used [0x00000006c2a00000,0x00000006c4a025b0,0x00000006c9d00000)
 Metaspace       used 28680K, capacity 29354K, committed 29568K, reserved 1075200K
  class space    used 3404K, capacity 3625K, committed 3712K, reserved 1048576K
}
Event: 12.119 GC heap before
{Heap before GC invocations=10 (full 1):
 PSYoungGen      total 181760K, used 176546K [0x000000076b900000, 0x0000000778e00000, 0x00000007c0000000)
  eden space 154112K, 100% used [0x000000076b900000,0x0000000774f80000,0x0000000774f80000)
  from space 27648K, 81% used [0x0000000776c00000,0x00000007781e8878,0x0000000778700000)
  to   space 29184K, 0% used [0x0000000774f80000,0x0000000774f80000,0x0000000776c00000)
 ParOldGen       total 117760K, used 32777K [0x00000006c2a00000, 0x00000006c9d00000, 0x000000076b900000)
  object space 117760K, 27% used [0x00000006c2a00000,0x00000006c4a025b0,0x00000006c9d00000)
 Metaspace       used 28691K, capacity 29354K, committed 29568K, reserved 1075200K
  class space    used 3406K, capacity 3625K, committed 3712K, reserved 1048576K
Event: 12.227 GC heap after
Heap after GC invocations=10 (full 1):
 PSYoungGen      total 183296K, used 28331K [0x000000076b900000, 0x000000077d980000, 0x00000007c0000000)
  eden space 154112K, 0% used [0x000000076b900000,0x000000076b900000,0x0000000774f80000)
  from space 29184K, 97% used [0x0000000774f80000,0x0000000776b2ae28,0x0000000776c00000)
  to   space 32256K, 0% used [0x000000077ba00000,0x000000077ba00000,0x000000077d980000)
 ParOldGen       total 117760K, used 36860K [0x00000006c2a00000, 0x00000006c9d00000, 0x000000076b900000)
  object space 117760K, 31% used [0x00000006c2a00000,0x00000006c4dff1d0,0x00000006c9d00000)
 Metaspace       used 28691K, capacity 29354K, committed 29568K, reserved 1075200K
  class space    used 3406K, capacity 3625K, committed 3712K, reserved 1048576K
}
Event: 12.936 GC heap before
{Heap before GC invocations=11 (full 1):
 PSYoungGen      total 183296K, used 182443K [0x000000076b900000, 0x000000077d980000, 0x00000007c0000000)
  eden space 154112K, 100% used [0x000000076b900000,0x0000000774f80000,0x0000000774f80000)
  from space 29184K, 97% used [0x0000000774f80000,0x0000000776b2ae28,0x0000000776c00000)
  to   space 32256K, 0% used [0x000000077ba00000,0x000000077ba00000,0x000000077d980000)
 ParOldGen       total 117760K, used 36860K [0x00000006c2a00000, 0x00000006c9d00000, 0x000000076b900000)
  object space 117760K, 31% used [0x00000006c2a00000,0x00000006c4dff1d0,0x00000006c9d00000)
 Metaspace       used 28731K, capacity 29418K, committed 29568K, reserved 1075200K
  class space    used 3409K, capacity 3625K, committed 3712K, reserved 1048576K
Event: 12.985 GC heap after
Heap after GC invocations=11 (full 1):
 PSYoungGen      total 261632K, used 25428K [0x000000076b900000, 0x000000077dc80000, 0x00000007c0000000)
  eden space 229376K, 0% used [0x000000076b900000,0x000000076b900000,0x0000000779900000)
  from space 32256K, 78% used [0x000000077ba00000,0x000000077d2d53d0,0x000000077d980000)
  to   space 33792K, 0% used [0x0000000779900000,0x0000000779900000,0x000000077ba00000)
 ParOldGen       total 117760K, used 37172K [0x00000006c2a00000, 0x00000006c9d00000, 0x000000076b900000)
  object space 117760K, 31% used [0x00000006c2a00000,0x00000006c4e4d1e0,0x00000006c9d00000)
 Metaspace       used 28731K, capacity 29418K, committed 29568K, reserved 1075200K
  class space    used 3409K, capacity 3625K, committed 3712K, reserved 1048576K
}
Event: 14.137 GC heap before
{Heap before GC invocations=12 (full 1):
 PSYoungGen      total 261632K, used 84949K [0x000000076b900000, 0x000000077dc80000, 0x00000007c0000000)
  eden space 229376K, 25% used [0x000000076b900000,0x000000076f320378,0x0000000779900000)
  from space 32256K, 78% used [0x000000077ba00000,0x000000077d2d53d0,0x000000077d980000)
  to   space 33792K, 0% used [0x0000000779900000,0x0000000779900000,0x000000077ba00000)
 ParOldGen       total 117760K, used 37172K [0x00000006c2a00000, 0x00000006c9d00000, 0x000000076b900000)
  object space 117760K, 31% used [0x00000006c2a00000,0x00000006c4e4d1e0,0x00000006c9d00000)
 Metaspace       used 34600K, capacity 35290K, committed 35496K, reserved 1081344K
  class space    used 4110K, capacity 4345K, committed 4352K, reserved 1048576K
Event: 14.158 GC heap after
Heap after GC invocations=12 (full 1):
 PSYoungGen      total 263168K, used 5171K [0x000000076b900000, 0x0000000784880000, 0x00000007c0000000)
  eden space 229376K, 0% used [0x000000076b900000,0x000000076b900000,0x0000000779900000)
  from space 33792K, 15% used [0x0000000779900000,0x0000000779e0cee8,0x000000077ba00000)
  to   space 34816K, 0% used [0x0000000782680000,0x0000000782680000,0x0000000784880000)
 ParOldGen       total 117760K, used 42994K [0x00000006c2a00000, 0x00000006c9d00000, 0x000000076b900000)
  object space 117760K, 36% used [0x00000006c2a00000,0x00000006c53fcb30,0x00000006c9d00000)
 Metaspace       used 34600K, capacity 35290K, committed 35496K, reserved 1081344K
  class space    used 4110K, capacity 4345K, committed 4352K, reserved 1048576K
}
Event: 14.158 GC heap before
{Heap before GC invocations=13 (full 2):
 PSYoungGen      total 263168K, used 5171K [0x000000076b900000, 0x0000000784880000, 0x00000007c0000000)
  eden space 229376K, 0% used [0x000000076b900000,0x000000076b900000,0x0000000779900000)
  from space 33792K, 15% used [0x0000000779900000,0x0000000779e0cee8,0x000000077ba00000)
  to   space 34816K, 0% used [0x0000000782680000,0x0000000782680000,0x0000000784880000)
 ParOldGen       total 117760K, used 42994K [0x00000006c2a00000, 0x00000006c9d00000, 0x000000076b900000)
  object space 117760K, 36% used [0x00000006c2a00000,0x00000006c53fcb30,0x00000006c9d00000)
 Metaspace       used 34600K, capacity 35290K, committed 35496K, reserved 1081344K
  class space    used 4110K, capacity 4345K, committed 4352K, reserved 1048576K
Event: 14.453 GC heap after
Heap after GC invocations=13 (full 2):
 PSYoungGen      total 263168K, used 0K [0x000000076b900000, 0x0000000784880000, 0x00000007c0000000)
  eden space 229376K, 0% used [0x000000076b900000,0x000000076b900000,0x0000000779900000)
  from space 33792K, 0% used [0x0000000779900000,0x0000000779900000,0x000000077ba00000)
  to   space 34816K, 0% used [0x0000000782680000,0x0000000782680000,0x0000000784880000)
 ParOldGen       total 181760K, used 37912K [0x00000006c2a00000, 0x00000006cdb80000, 0x000000076b900000)
  object space 181760K, 20% used [0x00000006c2a00000,0x00000006c4f06190,0x00000006cdb80000)
 Metaspace       used 34600K, capacity 35290K, committed 35496K, reserved 1081344K
  class space    used 4110K, capacity 4345K, committed 4352K, reserved 1048576K
}
Event: 16.088 GC heap before
{Heap before GC invocations=14 (full 2):
 PSYoungGen      total 263168K, used 71599K [0x000000076b900000, 0x0000000784880000, 0x00000007c0000000)
  eden space 229376K, 31% used [0x000000076b900000,0x000000076feebcd8,0x0000000779900000)
  from space 33792K, 0% used [0x0000000779900000,0x0000000779900000,0x000000077ba00000)
  to   space 34816K, 0% used [0x0000000782680000,0x0000000782680000,0x0000000784880000)
 ParOldGen       total 181760K, used 37912K [0x00000006c2a00000, 0x00000006cdb80000, 0x000000076b900000)
  object space 181760K, 20% used [0x00000006c2a00000,0x00000006c4f06190,0x00000006cdb80000)
 Metaspace       used 39972K, capacity 40688K, committed 40960K, reserved 1089536K
  class space    used 4779K, capacity 5054K, committed 5120K, reserved 1048576K

