# JRE version: Java(TM) SE Runtime Environment (8.0_251-b08) (build 1.8.0_251-b08)
# Java VM: Java HotSpot(TM) 64-Bit Server VM (25.251-b08 mixed mode windows-amd64 compressed oops)
Heap:
 PSYoungGen      total 455680K, used 53911K [0x000000076b900000, 0x000000078b380000, 0x00000007c0000000)
  eden space 403968K, 13% used [0x000000076b900000,0x000000076eda5c38,0x0000000784380000)
  from space 51712K, 0% used [0x0000000788100000,0x0000000788100000,0x000000078b380000)
  to   space 57344K, 0% used [0x0000000784380000,0x0000000784380000,0x0000000787b80000)
 ParOldGen       total 198144K, used 55994K [0x00000006c2a00000, 0x00000006ceb80000, 0x000000076b900000)
  object space 198144K, 28% used [0x00000006c2a00000,0x00000006c60aea70,0x00000006ceb80000)
 Metaspace       used 38132K, capacity 38892K, committed 39040K, reserved 1083392K
  class space    used 4506K, capacity 4732K, committed 4736K, reserved 1048576K
GC Heap History (10 events):
Event: 70.439 GC heap before
{Heap before GC invocations=8 (full 1):
 PSYoungGen      total 216064K, used 216052K [0x000000076b900000, 0x000000077c100000, 0x00000007c0000000)
  eden space 194048K, 100% used [0x000000076b900000,0x0000000777680000,0x0000000777680000)
  from space 22016K, 99% used [0x0000000779200000,0x000000077a77d328,0x000000077a780000)
  to   space 28160K, 0% used [0x0000000777680000,0x0000000777680000,0x0000000779200000)
 ParOldGen       total 104960K, used 30250K [0x00000006c2a00000, 0x00000006c9080000, 0x000000076b900000)
  object space 104960K, 28% used [0x00000006c2a00000,0x00000006c478a8b0,0x00000006c9080000)
 Metaspace       used 29208K, capacity 29910K, committed 30080K, reserved 1075200K
  class space    used 3447K, capacity 3659K, committed 3712K, reserved 1048576K
Event: 70.544 GC heap after
Heap after GC invocations=8 (full 1):
 PSYoungGen      total 222208K, used 28155K [0x000000076b900000, 0x0000000782d00000, 0x00000007c0000000)
  eden space 194048K, 0% used [0x000000076b900000,0x000000076b900000,0x0000000777680000)
  from space 28160K, 99% used [0x0000000777680000,0x00000007791fef38,0x0000000779200000)
  to   space 35840K, 0% used [0x0000000780a00000,0x0000000780a00000,0x0000000782d00000)
 ParOldGen       total 104960K, used 36510K [0x00000006c2a00000, 0x00000006c9080000, 0x000000076b900000)
  object space 104960K, 34% used [0x00000006c2a00000,0x00000006c4da7bb0,0x00000006c9080000)
 Metaspace       used 29208K, capacity 29910K, committed 30080K, reserved 1075200K
  class space    used 3447K, capacity 3659K, committed 3712K, reserved 1048576K
}
Event: 74.013 GC heap before
{Heap before GC invocations=9 (full 1):
 PSYoungGen      total 222208K, used 222203K [0x000000076b900000, 0x0000000782d00000, 0x00000007c0000000)
  eden space 194048K, 100% used [0x000000076b900000,0x0000000777680000,0x0000000777680000)
  from space 28160K, 99% used [0x0000000777680000,0x00000007791fef38,0x0000000779200000)
  to   space 35840K, 0% used [0x0000000780a00000,0x0000000780a00000,0x0000000782d00000)
 ParOldGen       total 104960K, used 36510K [0x00000006c2a00000, 0x00000006c9080000, 0x000000076b900000)
  object space 104960K, 34% used [0x00000006c2a00000,0x00000006c4da7bb0,0x00000006c9080000)
 Metaspace       used 29213K, capacity 29910K, committed 30080K, reserved 1075200K
  class space    used 3447K, capacity 3659K, committed 3712K, reserved 1048576K
Event: 74.129 GC heap after
Heap after GC invocations=9 (full 1):
 PSYoungGen      total 336384K, used 35831K [0x000000076b900000, 0x0000000783e80000, 0x00000007c0000000)
  eden space 300544K, 0% used [0x000000076b900000,0x000000076b900000,0x000000077de80000)
  from space 35840K, 99% used [0x0000000780a00000,0x0000000782cfded8,0x0000000782d00000)
  to   space 44544K, 0% used [0x000000077de80000,0x000000077de80000,0x0000000780a00000)
 ParOldGen       total 104960K, used 44696K [0x00000006c2a00000, 0x00000006c9080000, 0x000000076b900000)
  object space 104960K, 42% used [0x00000006c2a00000,0x00000006c55a60e8,0x00000006c9080000)
 Metaspace       used 29213K, capacity 29910K, committed 30080K, reserved 1075200K
  class space    used 3447K, capacity 3659K, committed 3712K, reserved 1048576K
}
Event: 78.062 GC heap before
{Heap before GC invocations=10 (full 1):
 PSYoungGen      total 336384K, used 336375K [0x000000076b900000, 0x0000000783e80000, 0x00000007c0000000)
  eden space 300544K, 100% used [0x000000076b900000,0x000000077de80000,0x000000077de80000)
  from space 35840K, 99% used [0x0000000780a00000,0x0000000782cfded8,0x0000000782d00000)
  to   space 44544K, 0% used [0x000000077de80000,0x000000077de80000,0x0000000780a00000)
 ParOldGen       total 104960K, used 44696K [0x00000006c2a00000, 0x00000006c9080000, 0x000000076b900000)
  object space 104960K, 42% used [0x00000006c2a00000,0x00000006c55a60e8,0x00000006c9080000)
 Metaspace       used 29225K, capacity 29910K, committed 30080K, reserved 1075200K
  class space    used 3449K, capacity 3659K, committed 3712K, reserved 1048576K
Event: 78.184 GC heap after
Heap after GC invocations=10 (full 1):
 PSYoungGen      total 345088K, used 44520K [0x000000076b900000, 0x000000078bb00000, 0x00000007c0000000)
  eden space 300544K, 0% used [0x000000076b900000,0x000000076b900000,0x000000077de80000)
  from space 44544K, 99% used [0x000000077de80000,0x00000007809fa110,0x0000000780a00000)
  to   space 59392K, 0% used [0x0000000788100000,0x0000000788100000,0x000000078bb00000)
 ParOldGen       total 104960K, used 63774K [0x00000006c2a00000, 0x00000006c9080000, 0x000000076b900000)
  object space 104960K, 60% used [0x00000006c2a00000,0x00000006c6847b58,0x00000006c9080000)
 Metaspace       used 29225K, capacity 29910K, committed 30080K, reserved 1075200K
  class space    used 3449K, capacity 3659K, committed 3712K, reserved 1048576K
}
Event: 83.575 GC heap before
{Heap before GC invocations=11 (full 1):
 PSYoungGen      total 345088K, used 253123K [0x000000076b900000, 0x000000078bb00000, 0x00000007c0000000)
  eden space 300544K, 69% used [0x000000076b900000,0x00000007784b6c58,0x000000077de80000)
  from space 44544K, 99% used [0x000000077de80000,0x00000007809fa110,0x0000000780a00000)
  to   space 59392K, 0% used [0x0000000788100000,0x0000000788100000,0x000000078bb00000)
 ParOldGen       total 104960K, used 63774K [0x00000006c2a00000, 0x00000006c9080000, 0x000000076b900000)
  object space 104960K, 60% used [0x00000006c2a00000,0x00000006c6847b58,0x00000006c9080000)
 Metaspace       used 34445K, capacity 35206K, committed 35416K, reserved 1081344K
  class space    used 4079K, capacity 4315K, committed 4352K, reserved 1048576K
Event: 83.691 GC heap after
Heap after GC invocations=11 (full 1):
 PSYoungGen      total 455680K, used 29706K [0x000000076b900000, 0x000000078b380000, 0x00000007c0000000)
  eden space 403968K, 0% used [0x000000076b900000,0x000000076b900000,0x0000000784380000)
  from space 51712K, 57% used [0x0000000788100000,0x0000000789e028b0,0x000000078b380000)
  to   space 57344K, 0% used [0x0000000784380000,0x0000000784380000,0x0000000787b80000)
 ParOldGen       total 104960K, used 65463K [0x00000006c2a00000, 0x00000006c9080000, 0x000000076b900000)
  object space 104960K, 62% used [0x00000006c2a00000,0x00000006c69edce8,0x00000006c9080000)
 Metaspace       used 34445K, capacity 35206K, committed 35416K, reserved 1081344K
  class space    used 4079K, capacity 4315K, committed 4352K, reserved 1048576K
}
Event: 83.691 GC heap before
{Heap before GC invocations=12 (full 2):
 PSYoungGen      total 455680K, used 29706K [0x000000076b900000, 0x000000078b380000, 0x00000007c0000000)
  eden space 403968K, 0% used [0x000000076b900000,0x000000076b900000,0x0000000784380000)
  from space 51712K, 57% used [0x0000000788100000,0x0000000789e028b0,0x000000078b380000)
  to   space 57344K, 0% used [0x0000000784380000,0x0000000784380000,0x0000000787b80000)
 ParOldGen       total 104960K, used 65463K [0x00000006c2a00000, 0x00000006c9080000, 0x000000076b900000)
  object space 104960K, 62% used [0x00000006c2a00000,0x00000006c69edce8,0x00000006c9080000)
 Metaspace       used 34445K, capacity 35206K, committed 35416K, reserved 1081344K
  class space    used 4079K, capacity 4315K, committed 4352K, reserved 1048576K
Event: 84.453 GC heap after
Heap after GC invocations=12 (full 2):
 PSYoungGen      total 455680K, used 0K [0x000000076b900000, 0x000000078b380000, 0x00000007c0000000)
  eden space 403968K, 0% used [0x000000076b900000,0x000000076b900000,0x0000000784380000)
  from space 51712K, 0% used [0x0000000788100000,0x0000000788100000,0x000000078b380000)
  to   space 57344K, 0% used [0x0000000784380000,0x0000000784380000,0x0000000787b80000)
 ParOldGen       total 198144K, used 55994K [0x00000006c2a00000, 0x00000006ceb80000, 0x000000076b900000)
  object space 198144K, 28% used [0x00000006c2a00000,0x00000006c60aea70,0x00000006ceb80000)
 Metaspace       used 34445K, capacity 35206K, committed 35416K, reserved 1081344K
  class space    used 4079K, capacity 4315K, committed 4352K, reserved 1048576K
}

